<?xml version="1.0" encoding="UTF-8"?>
<testsuite xmlns:xsi="http://www.w3.org/2001/XMLSchema-instance" xsi:noNamespaceSchemaLocation="https://maven.apache.org/surefire/maven-surefire-plugin/xsd/surefire-test-report-3.0.xsd" version="3.0" name="TestSuite" time="33.656" tests="2" errors="0" skipped="0" failures="2">
  <properties>
[...]
</properties>
  <testcase name="ddd" classname="mycompany.Test_DragDrop3" time="15.913">
    <failure message="no such window: target window already closed&#10;from unknown error: web view not found&#10;  (Session info: chrome=80.0.3987.116)&#10;Build info: version: &apos;3.141.59&apos;, revision: &apos;e82be7d358&apos;, time: &apos;2018-11-14T08:17:03&apos;&#10;System info: host: &apos;DESKTOP-CBG2OK5&apos;, ip: &apos;192.168.1.15&apos;, os.name: &apos;Windows 10&apos;, os.arch: &apos;amd64&apos;, os.version: &apos;10.0&apos;, java.version: &apos;1.8.0_121&apos;&#10;Driver info: org.openqa.selenium.chrome.ChromeDriver&#10;Capabilities {acceptInsecureCerts: false, browserName: chrome, browserVersion: 80.0.3987.116, chrome: {chromedriverVersion: 79.0.3945.36 (3582db32b3389..., userDataDir: C:\Users\admin\AppData\Loca...}, goog:chromeOptions: {debuggerAddress: localhost:55625}, javascriptEnabled: true, networkConnectionEnabled: false, pageLoadStrategy: normal, platform: WINDOWS, platformName: WINDOWS, proxy: Proxy(), setWindowRect: true, strictFileInteractability: false, timeouts: {implicit: 0, pageLoad: 300000, script: 30000}, unhandledPromptBehavior: dismiss and notify}&#10;Session ID: 3b1a2e5f4e3386a1a2c1be81c587a8ff" type="org.openqa.selenium.NoSuchWindowException"><![CDATA[org.openqa.selenium.NoSuchWindowException: 
no such window: target window already closed
from unknown error: web view not found
  (Session info: chrome=80.0.3987.116)
Build info: version: '3.141.59', revision: 'e82be7d358', time: '2018-11-14T08:17:03'
System info: host: 'DESKTOP-CBG2OK5', ip: '192.168.1.15', os.name: 'Windows 10', os.arch: 'amd64', os.version: '10.0', java.version: '1.8.0_121'
Driver info: org.openqa.selenium.chrome.ChromeDriver
Capabilities {acceptInsecureCerts: false, browserName: chrome, browserVersion: 80.0.3987.116, chrome: {chromedriverVersion: 79.0.3945.36 (3582db32b3389..., userDataDir: C:\Users\admin\AppData\Loca...}, goog:chromeOptions: {debuggerAddress: localhost:55625}, javascriptEnabled: true, networkConnectionEnabled: false, pageLoadStrategy: normal, platform: WINDOWS, platformName: WINDOWS, proxy: Proxy(), setWindowRect: true, strictFileInteractability: false, timeouts: {implicit: 0, pageLoad: 300000, script: 30000}, unhandledPromptBehavior: dismiss and notify}
Session ID: 3b1a2e5f4e3386a1a2c1be81c587a8ff
	at mycompany.Test_DragDrop3.ddd(Test_DragDrop3.java:52)
]]></failure>
    <system-err><![CDATA[Starting ChromeDriver 79.0.3945.36 (3582db32b33893869b8c1339e8f4d9ed1816f143-refs/branch-heads/3945@{#614}) on port 16617
Only local connections are allowed.
Please protect ports used by ChromeDriver and related test frameworks to prevent access by malicious code.
[1582188609.896][WARNING]: This version of ChromeDriver has not been tested with Chrome version 80.
[1582188611.913][WARNING]: Timed out connecting to Chrome, retrying...
févr. 20, 2020 9:50:14 AM org.openqa.selenium.remote.ProtocolHandshake createSession
INFOS: Detected dialect: W3C
[1582188619.401][WARNING]: Timed out connecting to Chrome, retrying...
]]></system-err>
  </testcase>
  <testcase name="ddd" classname="mycompany.Test_DragDrop" time="15.521">
    <failure message="session not created&#10;from chrome not reachable&#10;  (Session info: chrome=80.0.3987.116)&#10;Build info: version: &apos;3.141.59&apos;, revision: &apos;e82be7d358&apos;, time: &apos;2018-11-14T08:17:03&apos;&#10;System info: host: &apos;DESKTOP-CBG2OK5&apos;, ip: &apos;192.168.1.15&apos;, os.name: &apos;Windows 10&apos;, os.arch: &apos;amd64&apos;, os.version: &apos;10.0&apos;, java.version: &apos;1.8.0_121&apos;&#10;Driver info: driver.version: ChromeDriver&#10;remote stacktrace: Backtrace:&#10;	Ordinal0 [0x010BA113+1548563]&#10;	Ordinal0 [0x0103DDA1+1039777]&#10;	Ordinal0 [0x00FBE32E+516910]&#10;	Ordinal0 [0x00FB8012+491538]&#10;	Ordinal0 [0x00FB86EB+493291]&#10;	Ordinal0 [0x00FB9855+497749]&#10;	Ordinal0 [0x00FB5885+481413]&#10;	Ordinal0 [0x00FBF0D0+520400]&#10;	Ordinal0 [0x00F6C030+180272]&#10;	Ordinal0 [0x00F6B59D+177565]&#10;	Ordinal0 [0x00F695FB+169467]&#10;	Ordinal0 [0x00F5160A+71178]&#10;	Ordinal0 [0x00F52690+75408]&#10;	Ordinal0 [0x00F52629+75305]&#10;	Ordinal0 [0x010571B7+1143223]&#10;	GetHandleVerifier [0x01152B46+507814]&#10;	GetHandleVerifier [0x01152864+507076]&#10;	GetHandleVerifier [0x01159F47+537511]&#10;	GetHandleVerifier [0x01153402+510050]&#10;	Ordinal0 [0x0104F29C+1110684]&#10;	Ordinal0 [0x0105938B+1151883]&#10;	Ordinal0 [0x010594F3+1152243]&#10;	Ordinal0 [0x010583F5+1147893]&#10;	BaseThreadInitThunk [0x753E6359+25]&#10;	RtlGetAppContainerNamedObjectPath [0x77BF7B74+228]&#10;	RtlGetAppContainerNamedObjectPath [0x77BF7B44+180]&#10;" type="org.openqa.selenium.SessionNotCreatedException"><![CDATA[org.openqa.selenium.SessionNotCreatedException: 
session not created
from chrome not reachable
  (Session info: chrome=80.0.3987.116)
Build info: version: '3.141.59', revision: 'e82be7d358', time: '2018-11-14T08:17:03'
System info: host: 'DESKTOP-CBG2OK5', ip: '192.168.1.15', os.name: 'Windows 10', os.arch: 'amd64', os.version: '10.0', java.version: '1.8.0_121'
Driver info: driver.version: ChromeDriver
remote stacktrace: Backtrace:
	Ordinal0 [0x010BA113+1548563]
	Ordinal0 [0x0103DDA1+1039777]
	Ordinal0 [0x00FBE32E+516910]
	Ordinal0 [0x00FB8012+491538]
	Ordinal0 [0x00FB86EB+493291]
	Ordinal0 [0x00FB9855+497749]
	Ordinal0 [0x00FB5885+481413]
	Ordinal0 [0x00FBF0D0+520400]
	Ordinal0 [0x00F6C030+180272]
	Ordinal0 [0x00F6B59D+177565]
	Ordinal0 [0x00F695FB+169467]
	Ordinal0 [0x00F5160A+71178]
	Ordinal0 [0x00F52690+75408]
	Ordinal0 [0x00F52629+75305]
	Ordinal0 [0x010571B7+1143223]
	GetHandleVerifier [0x01152B46+507814]
	GetHandleVerifier [0x01152864+507076]
	GetHandleVerifier [0x01159F47+537511]
	GetHandleVerifier [0x01153402+510050]
	Ordinal0 [0x0104F29C+1110684]
	Ordinal0 [0x0105938B+1151883]
	Ordinal0 [0x010594F3+1152243]
	Ordinal0 [0x010583F5+1147893]
	BaseThreadInitThunk [0x753E6359+25]
	RtlGetAppContainerNamedObjectPath [0x77BF7B74+228]
	RtlGetAppContainerNamedObjectPath [0x77BF7B44+180]

	at mycompany.Test_DragDrop.ddd(Test_DragDrop.java:34)
]]></failure>
    <system-err><![CDATA[Starting ChromeDriver 79.0.3945.36 (3582db32b33893869b8c1339e8f4d9ed1816f143-refs/branch-heads/3945@{#614}) on port 28206
Only local connections are allowed.
Please protect ports used by ChromeDriver and related test frameworks to prevent access by malicious code.
[1582188625.137][WARNING]: This version of ChromeDriver has not been tested with Chrome version 80.
[1582188627.149][WARNING]: Timed out connecting to Chrome, retrying...
[1582188631.152][WARNING]: Timed out connecting to Chrome, retrying...
]]></system-err>
  </testcase>
</testsuite>